<?xml version="1.0" encoding="UTF-8"?>
<testng-results skipped="0" failed="0" ignored="0" total="1" passed="1">
  <reporter-output>
  </reporter-output>
  <suite name="Default suite" duration-ms="12764" started-at="2020-04-14T08:15:43Z" finished-at="2020-04-14T08:15:56Z">
    <groups>
    </groups>
    <test name="Default test" duration-ms="12764" started-at="2020-04-14T08:15:43Z" finished-at="2020-04-14T08:15:56Z">
      <class name="com.newt.testcases.MTLogin">
        <test-method status="PASS" signature="verifylogin()[pri:0, instance:com.newt.testcases.MTLogin@5ae9a829]" name="verifylogin" duration-ms="12753" started-at="2020-04-14T13:45:43Z" finished-at="2020-04-14T13:45:56Z">
          <reporter-output>
          </reporter-output>
        </test-method> <!-- verifylogin -->
      </class> <!-- com.newt.testcases.MTLogin -->
    </test> <!-- Default test -->
  </suite> <!-- Default suite -->
</testng-results>
