<?xml version="1.0" encoding="UTF-8"?>
<testng-results skipped="0" failed="0" ignored="0" total="1" passed="1">
  <reporter-output>
  </reporter-output>
  <suite name="Default suite" duration-ms="18661" started-at="2020-04-15T08:42:36Z" finished-at="2020-04-15T08:42:55Z">
    <groups>
    </groups>
    <test name="Default test" duration-ms="18661" started-at="2020-04-15T08:42:36Z" finished-at="2020-04-15T08:42:55Z">
      <class name="com.newt.testcases.MTLogin">
        <test-method status="PASS" signature="LogincheckMT()[pri:0, instance:com.newt.testcases.MTLogin@2ef5e5e3]" name="LogincheckMT" duration-ms="18621" started-at="2020-04-15T08:42:36Z" finished-at="2020-04-15T08:42:55Z">
          <reporter-output>
          </reporter-output>
        </test-method> <!-- LogincheckMT -->
      </class> <!-- com.newt.testcases.MTLogin -->
    </test> <!-- Default test -->
  </suite> <!-- Default suite -->
</testng-results>
